── [1mAttaching packages[22m ───────────────────────────────────────────────────────────────────────── tidyverse 1.3.0 ──
[32m✔[39m [34mggplot2[39m 3.2.1     [32m✔[39m [34mpurrr  [39m 0.3.3
[32m✔[39m [34mtibble [39m 2.1.3     [32m✔[39m [34mdplyr  [39m 0.8.4
[32m✔[39m [34mtidyr  [39m 1.0.2     [32m✔[39m [34mstringr[39m 1.4.0
[32m✔[39m [34mreadr  [39m 1.3.1     [32m✔[39m [34mforcats[39m 0.4.0
── [1mConflicts[22m ──────────────────────────────────────────────────────────────────────────── tidyverse_conflicts() ──
[31m✖[39m [34mdplyr[39m::[32mbetween()[39m   masks [34mdata.table[39m::between()
[31m✖[39m [34mdplyr[39m::[32mfilter()[39m    masks [34mstats[39m::filter()
[31m✖[39m [34mdplyr[39m::[32mfirst()[39m     masks [34mdata.table[39m::first()
[31m✖[39m [34mdplyr[39m::[32mlag()[39m       masks [34mstats[39m::lag()
[31m✖[39m [34mdplyr[39m::[32mlast()[39m      masks [34mdata.table[39m::last()
[31m✖[39m [34mpurrr[39m::[32mtranspose()[39m masks [34mdata.table[39m::transpose()
Loading required package: foreach

Attaching package: ‘foreach’

The following objects are masked from ‘package:purrr’:

    accumulate, when

Loading required package: iterators
Loading required package: parallel
------------------------------------------------------------------------------
You have loaded plyr after dplyr - this is likely to cause problems.
If you need functions from both plyr and dplyr, please load plyr first, then dplyr:
library(plyr); library(dplyr)
------------------------------------------------------------------------------

Attaching package: ‘plyr’

The following objects are masked from ‘package:dplyr’:

    arrange, count, desc, failwith, id, mutate, rename, summarise,
    summarize

The following object is masked from ‘package:purrr’:

    compact

Error: cannot allocate vector of size 10.8 Mb
Execution halted
Warning message:
system call failed: Cannot allocate memory 
