
Attaching package: ‘dplyr’

The following objects are masked from ‘package:stats’:

    filter, lag

The following objects are masked from ‘package:base’:

    intersect, setdiff, setequal, union


Attaching package: ‘data.table’

The following objects are masked from ‘package:dplyr’:

    between, first, last


	*** Welcome to MIRRETI ***

______________________________________________________________________
2020-01-07 14:37:09	Start reading the data...
2020-01-07 14:39:51	Finished reading the data
Total procession time:	161.485922813416 SECS

______________________________________________________________________
2020-01-07 14:39:51	Start preprocessing the data...
Cache found
Cache found
2020-01-07 14:41:03	Finished preprocessing the data
Total procession time:	72.5616188049316 SECS

______________________________________________________________________
2020-01-07 14:41:03	Start running the SPONGE interaction filter on 40 cluster...
2020-01-07 17:18:35 	Finished the SPONGE interaction filter step for negativ correlation
2020-01-07 19:54:14 			Finished the SPONGE interaction filter step for positiv correlation
2020-01-07 19:54:15			Finished total run of the SPONGE interaction filter
Total procession time:	18791.3598268032 SECS

	*** END OF THE MIRRETI RUNTIME ANALYSIS ***Error: unexpected ')' in "e0('results_', .rslurm_id, '.RDS'))"
Execution halted
