── [1mAttaching packages[22m ──────────────────────────────────── tidyverse 1.3.0 ──
[32m✔[39m [34mggplot2[39m 3.2.1     [32m✔[39m [34mpurrr  [39m 0.3.3
[32m✔[39m [34mtibble [39m 2.1.3     [32m✔[39m [34mdplyr  [39m 0.8.3
[32m✔[39m [34mtidyr  [39m 1.0.2     [32m✔[39m [34mstringr[39m 1.4.0
[32m✔[39m [34mreadr  [39m 1.3.1     [32m✔[39m [34mforcats[39m 0.4.0
── [1mConflicts[22m ─────────────────────────────────────── tidyverse_conflicts() ──
[31m✖[39m [34mdplyr[39m::[32mbetween()[39m   masks [34mdata.table[39m::between()
[31m✖[39m [34mdplyr[39m::[32mfilter()[39m    masks [34mstats[39m::filter()
[31m✖[39m [34mdplyr[39m::[32mfirst()[39m     masks [34mdata.table[39m::first()
[31m✖[39m [34mdplyr[39m::[32mlag()[39m       masks [34mstats[39m::lag()
[31m✖[39m [34mdplyr[39m::[32mlast()[39m      masks [34mdata.table[39m::last()
[31m✖[39m [34mdplyr[39m::[32mselect()[39m    masks [34mbiomaRt[39m::select()
[31m✖[39m [34mpurrr[39m::[32mtranspose()[39m masks [34mdata.table[39m::transpose()

Attaching package: ‘foreach’

The following objects are masked from ‘package:purrr’:

    accumulate, when


				*** Welcome to MIRRETI ***

______________________________________________________________________
2020-02-11 13:47:28		Start reading the data...
2020-02-11 13:48:53		Finished reading the data
=> Total procession time:	84.9869601726532 SECS

______________________________________________________________________
2020-02-11 13:48:53		Start preprocessing the data...
Cache found
Cache found
2020-02-11 13:50:11		Finished preprocessing the data
=> Total procession time:	77.398788690567 SECS

Report on data dimensions handed to SPONGE interaction filter
	-> miRNA:  1044  samples &  371  columns
	-> transcripts:  1044  rows &  16389  columns
	-> interactions:  16389  rows &  371  columns

______________________________________________________________________
2020-02-11 13:50:11		Start running the SPONGE interaction filter on 25 cluster...
2020-02-11 17:17:33 			Finished the SPONGE interaction filter step for negativ correlation
2020-02-11 20:43:58 			Finished the SPONGE interaction filter step for positiv correlation
2020-02-11 20:43:59		Finished total run of the SPONGE interaction filter
=> Total procession time:	24828.2872638702 SECS

______________________________________________________________________
2020-02-11 20:43:59		Start enriching the exon model...
Error: biomaRt has encountered an unexpected server error.
Consider trying one of the Ensembl mirrors (for more details look at ?useEnsembl)
Execution halted
