── [1mAttaching packages[22m ──────────────────────────────────── tidyverse 1.3.0 ──
[32m✔[39m [34mggplot2[39m 3.2.1     [32m✔[39m [34mpurrr  [39m 0.3.3
[32m✔[39m [34mtibble [39m 2.1.3     [32m✔[39m [34mdplyr  [39m 0.8.3
[32m✔[39m [34mtidyr  [39m 1.0.2     [32m✔[39m [34mstringr[39m 1.4.0
[32m✔[39m [34mreadr  [39m 1.3.1     [32m✔[39m [34mforcats[39m 0.4.0
── [1mConflicts[22m ─────────────────────────────────────── tidyverse_conflicts() ──
[31m✖[39m [34mdplyr[39m::[32mbetween()[39m   masks [34mdata.table[39m::between()
[31m✖[39m [34mdplyr[39m::[32mfilter()[39m    masks [34mstats[39m::filter()
[31m✖[39m [34mdplyr[39m::[32mfirst()[39m     masks [34mdata.table[39m::first()
[31m✖[39m [34mdplyr[39m::[32mlag()[39m       masks [34mstats[39m::lag()
[31m✖[39m [34mdplyr[39m::[32mlast()[39m      masks [34mdata.table[39m::last()
[31m✖[39m [34mdplyr[39m::[32mselect()[39m    masks [34mbiomaRt[39m::select()
[31m✖[39m [34mpurrr[39m::[32mtranspose()[39m masks [34mdata.table[39m::transpose()

Attaching package: ‘foreach’

The following objects are masked from ‘package:purrr’:

    accumulate, when


				*** Welcome to MIRRETI ***

______________________________________________________________________
2020-02-11 01:03:35		Start reading the data...
2020-02-11 01:04:50		Finished reading the data
=> Total procession time:	75.5414576530457 SECS

______________________________________________________________________
2020-02-11 01:04:50		Start preprocessing the data...
2020-02-11 01:06:33		Finished preprocessing the data
=> Total procession time:	103.088194131851 SECS

Report on data dimensions handed to SPONGE interaction filter
	-> miRNA:  1044  samples &  371  columns
	-> transcripts:  1044  rows &  16389  columns
	-> interactions:  16389  rows &  371  columns

______________________________________________________________________
2020-02-11 01:06:33		Start running the SPONGE interaction filter on 25 cluster...
