
Attaching package: ‘dplyr’

The following objects are masked from ‘package:data.table’:

    between, first, last

The following objects are masked from ‘package:stats’:

    filter, lag

The following objects are masked from ‘package:base’:

    intersect, setdiff, setequal, union

Loading required package: foreach
Loading required package: iterators
Loading required package: parallel

				*** Welcome to MIRRETI ***

______________________________________________________________________
2020-01-07 20:29:11		Start reading the data...
2020-01-07 20:30:37		Finished reading the data
=> Total procession time:	86.5679333209991 SECS

______________________________________________________________________
2020-01-07 20:30:37		Start preprocessing the data...
Cache found
Cache found
2020-01-07 20:31:45		Finished preprocessing the data
=> Total procession time:
67.9425768852234 SECS

Report on data dimensions handed to SPONGE interaction filter
-> miRNA:		 1044  samples &  371  columns
-> transcripts:	 1044  rows &  100  columns
-> interactions:	 100  rows &  371  columns

______________________________________________________________________
2020-01-07 20:31:45		Start running the SPONGE interaction filter on 25 cluster...
2020-01-07 20:36:19 			Finished the SPONGE interaction filter step for negativ correlation
2020-01-07 20:39:32 			Finished the SPONGE interaction filter step for positiv correlation
2020-01-07 20:39:32		Finished total run of the SPONGE interaction filter
=> Total procession time:	466.579964876175 SECS

	*** END OF THE MIRRETI RUNTIME ANALYSIS ***