
Attaching package: ‘dplyr’

The following objects are masked from ‘package:data.table’:

    between, first, last

The following objects are masked from ‘package:stats’:

    filter, lag

The following objects are masked from ‘package:base’:

    intersect, setdiff, setequal, union

Loading required package: foreach
Loading required package: iterators
Loading required package: parallel

				*** Welcome to MIRRETI ***

______________________________________________________________________
2020-01-12 18:08:50		Start reading the data...
2020-01-12 18:11:54		Finished reading the data
=> Total procession time:	183.819746732712 SECS

______________________________________________________________________
2020-01-12 18:11:54		Start preprocessing the data...
Cache found
Cache found
2020-01-12 18:12:51		Finished preprocessing the data
=> Total procession time:	57.2598609924316 SECS

Report on data dimensions handed to SPONGE interaction filter
	-> miRNA:  89  samples &  378  columns
	-> transcripts:  89  rows &  15834  columns
	-> interactions:  15834  rows &  378  columns

______________________________________________________________________
2020-01-12 18:12:51		Start running the SPONGE interaction filter on 25 cluster...
2020-01-12 18:41:46 			Finished the SPONGE interaction filter step for negativ correlation
2020-01-12 19:09:11 			Finished the SPONGE interaction filter step for positiv correlation
2020-01-12 19:09:14		Finished total run of the SPONGE interaction filter
=> Total procession time:	3382.68113088608 SECS

	*** END OF THE MIRRETI RUNTIME ANALYSIS ***